// 重构日志: 94419028
// 重构日志: e1aed39d
// 重构日志: 4cb40b29
// 重构日志: b674f508
// 重构日志: 92546858
// 同步 ID: 261dae89 @ Fri Jun 26 10:59:09 UTC 2026
// 同步 ID: 6eb28318 @ Sat Jun 27 09:09:48 UTC 2026
// 重构日志: d109e03a
// 同步 ID: 8deea94d @ Sun Jun 28 11:05:41 UTC 2026
// 重构日志: dae30f76
// 重构日志: c27dadab
// 同步 ID: 4fd5d4ee @ Fri Jul  3 21:24:05 UTC 2026
// 同步 ID: 864c9935 @ Sat Jul  4 08:13:13 UTC 2026
// 重构日志: d923b3e6
// 同步 ID: 39d19f47 @ Sun Jul  5 15:24:17 UTC 2026
// 同步 ID: 69ff93a8 @ Tue Jul  7 18:57:01 UTC 2026
// 同步 ID: 8b46f17f @ Wed Jul  8 16:29:40 UTC 2026
// 重构日志: 172afff9
// 重构日志: fdb3529b
// 同步 ID: f65ffb02 @ Mon Jul 13 08:54:41 UTC 2026
// 重构日志: 2681c021
// 同步 ID: 81633f59 @ Wed Jul 15 13:26:18 UTC 2026
// 同步 ID: be8a2c2b @ Thu Jul 16 07:09:44 UTC 2026
// 重构日志: 4e5f8b8d
// 同步 ID: 3418f706 @ Fri Jul 17 13:05:09 UTC 2026
// 重构日志: a31705f7
// 重构日志: 269dedeb
// 重构日志: ef700901
// 重构日志: 43327ffc
